<?xml version="1.0" encoding="UTF-8"?>
<!-- Generated by org.testng.reporters.JUnitXMLReporter -->
<testsuite ignored="0" hostname="HP" failures="1" tests="1" name="Test" time="30.134" errors="0" timestamp="2022-04-11T12:11:42 IST">
  <testcase classname="com.crm.organization.CreateOrganizationNameTest" name="createOrganizationNameTest" time="16.821">
    <failure type="java.lang.AssertionError" message="expected [abcd] but found [orgName208]">
      <![CDATA[java.lang.AssertionError: expected [abcd] but found [orgName208]
at com.crm.organization.CreateOrganizationNameTest.createOrganizationNameTest(CreateOrganizationNameTest.java:46)
at java.base/java.util.ArrayList.forEach(ArrayList.java:1511)
... Removed 33 stack frames]]>
    </failure>
  </testcase> <!-- createOrganizationNameTest -->
</testsuite> <!-- Test -->
